<?xml version="1.0" encoding="UTF-8"?>
<!-- Generated by org.testng.reporters.JUnitReportReporter -->
<testsuite hostname="DESKTOP-U83U5RO" name="CrossBrowser.CrossBrowser.Practice" tests="2" failures="0" timestamp="3 Aug 2020 14:29:47 GMT" time="8.779" errors="0">
  <testcase name="testing" time="5.002" classname="CrossBrowser.CrossBrowser.Practice"/>
  <testcase name="testing" time="3.777" classname="CrossBrowser.CrossBrowser.Practice"/>
</testsuite> <!-- CrossBrowser.CrossBrowser.Practice -->
