<?xml version="1.0" encoding="UTF-8"?>
<!-- Generated by org.testng.reporters.JUnitReportReporter -->
<testsuite hostname="DESKTOP-U83U5RO" name="CrossBrowser.CrossBrowser.ParallelRun" tests="5" failures="0" timestamp="3 Aug 2020 04:16:15 GMT" time="36.945" errors="0">
  <testcase name="invokebrowser" time="6.807" classname="CrossBrowser.CrossBrowser.ParallelRun"/>
  <testcase name="invokebrowser" time="7.916" classname="CrossBrowser.CrossBrowser.ParallelRun"/>
  <testcase name="invokebrowser" time="7.287" classname="CrossBrowser.CrossBrowser.ParallelRun"/>
  <testcase name="invokebrowser" time="7.340" classname="CrossBrowser.CrossBrowser.ParallelRun"/>
  <testcase name="invokebrowser" time="7.595" classname="CrossBrowser.CrossBrowser.ParallelRun"/>
</testsuite> <!-- CrossBrowser.CrossBrowser.ParallelRun -->
