<?xml version="1.0" encoding="UTF-8"?>
<!-- Generated by org.testng.reporters.JUnitReportReporter -->
<testsuite hostname="DESKTOP-U83U5RO" name="CrossBrowser.CrossBrowser.CrossBrows" tests="2" failures="0" timestamp="30 Jul 2020 07:59:09 GMT" time="0.011" errors="0">
  <testcase name="testDp" time="0.006" classname="CrossBrowser.CrossBrowser.CrossBrows"/>
  <testcase name="testDp" time="0.005" classname="CrossBrowser.CrossBrowser.CrossBrows"/>
</testsuite> <!-- CrossBrowser.CrossBrowser.CrossBrows -->
