<?xml version="1.0" encoding="UTF-8"?>
<!-- Generated by org.testng.reporters.JUnitReportReporter -->
<testsuite hostname="DESKTOP-U83U5RO" name="CrossBrowser.CrossBrowser.ParallelRun" tests="5" failures="0" timestamp="3 Aug 2020 14:37:50 GMT" time="35.382" errors="0">
  <testcase name="invokebrowser" time="8.172" classname="CrossBrowser.CrossBrowser.ParallelRun"/>
  <testcase name="invokebrowser" time="9.489" classname="CrossBrowser.CrossBrowser.ParallelRun"/>
  <testcase name="invokebrowser" time="8.488" classname="CrossBrowser.CrossBrowser.ParallelRun"/>
  <testcase name="invokebrowser" time="4.642" classname="CrossBrowser.CrossBrowser.ParallelRun"/>
  <testcase name="invokebrowser" time="4.591" classname="CrossBrowser.CrossBrowser.ParallelRun"/>
</testsuite> <!-- CrossBrowser.CrossBrowser.ParallelRun -->
