<?xml version="1.0" encoding="UTF-8"?>
<!-- Generated by org.testng.reporters.JUnitReportReporter -->
<testsuite hostname="DESKTOP-U83U5RO" name="CrossBrowser.CrossBrowser.TestngHierarchy" tests="3" failures="0" timestamp="2 Aug 2020 18:10:24 GMT" time="0.008" errors="0">
  <testcase name="dependonmethod" time="0.006" classname="CrossBrowser.CrossBrowser.TestngHierarchy"/>
  <testcase name="grouping" time="0.001" classname="CrossBrowser.CrossBrowser.TestngHierarchy"/>
  <testcase name="testing" time="0.001" classname="CrossBrowser.CrossBrowser.TestngHierarchy"/>
</testsuite> <!-- CrossBrowser.CrossBrowser.TestngHierarchy -->
