<?xml version="1.0" encoding="UTF-8"?>
<!-- Generated by org.testng.reporters.JUnitReportReporter -->
<testsuite hostname="DESKTOP-U83U5RO" name="CrossBrowser.CrossBrowser.ParallelRun" tests="5" failures="0" timestamp="3 Aug 2020 07:55:20 GMT" time="24.488" errors="0">
  <testcase name="invokebrowser" time="4.439" classname="CrossBrowser.CrossBrowser.ParallelRun"/>
  <testcase name="invokebrowser" time="4.420" classname="CrossBrowser.CrossBrowser.ParallelRun"/>
  <testcase name="invokebrowser" time="4.563" classname="CrossBrowser.CrossBrowser.ParallelRun"/>
  <testcase name="invokebrowser" time="6.538" classname="CrossBrowser.CrossBrowser.ParallelRun"/>
  <testcase name="invokebrowser" time="4.528" classname="CrossBrowser.CrossBrowser.ParallelRun"/>
</testsuite> <!-- CrossBrowser.CrossBrowser.ParallelRun -->
