<?xml version="1.0" encoding="UTF-8"?>
<!-- Generated by org.testng.reporters.JUnitReportReporter -->
<testsuite hostname="DESKTOP-U83U5RO" name="CrossBrowser.CrossBrowser.CrossBrows" tests="7" failures="0" timestamp="2 Aug 2020 17:24:56 GMT" time="21.397" errors="0">
  <testcase name="invokeBrowser" time="4.303" classname="CrossBrowser.CrossBrowser.CrossBrows"/>
  <testcase name="dependsonMet" time="0.001" classname="CrossBrowser.CrossBrowser.CrossBrows"/>
  <testcase name="dependsongrp" time="0.001" classname="CrossBrowser.CrossBrowser.CrossBrows"/>
  <testcase name="invokeBrowser" time="4.102" classname="CrossBrowser.CrossBrowser.CrossBrows"/>
  <testcase name="invokeBrowser" time="3.988" classname="CrossBrowser.CrossBrowser.CrossBrows"/>
  <testcase name="invokeBrowser" time="4.155" classname="CrossBrowser.CrossBrowser.CrossBrows"/>
  <testcase name="invokeBrowser" time="4.847" classname="CrossBrowser.CrossBrowser.CrossBrows"/>
</testsuite> <!-- CrossBrowser.CrossBrowser.CrossBrows -->
