<?xml version="1.0" encoding="UTF-8"?>
<!-- Generated by org.testng.reporters.JUnitReportReporter -->
<testsuite hostname="DESKTOP-U83U5RO" name="CrossBrowser.CrossBrowser.CrossBrows" tests="4" failures="0" timestamp="30 Jul 2020 14:19:25 GMT" time="10.070" errors="0">
  <testcase name="dependsongrp" time="0.001" classname="CrossBrowser.CrossBrowser.CrossBrows"/>
  <testcase name="dependsonMet" time="0.001" classname="CrossBrowser.CrossBrowser.CrossBrows"/>
  <testcase name="invokeBrowser" time="4.468" classname="CrossBrowser.CrossBrowser.CrossBrows"/>
  <testcase name="invokeBrowser" time="5.600" classname="CrossBrowser.CrossBrowser.CrossBrows"/>
</testsuite> <!-- CrossBrowser.CrossBrowser.CrossBrows -->
