<?xml version="1.0" encoding="UTF-8"?>
<!-- Generated by org.testng.reporters.JUnitReportReporter -->
<testsuite hostname="DESKTOP-U83U5RO" name="CrossBrowser.CrossBrowser.AppTest" tests="1" failures="0" timestamp="29 Jul 2020 15:42:01 GMT" time="0.006" errors="0">
  <testcase name="testApp" time="0.006" classname="CrossBrowser.CrossBrowser.AppTest"/>
</testsuite> <!-- CrossBrowser.CrossBrowser.AppTest -->
